<?xml version="1.0" encoding="UTF-8"?>
<!-- Generated by org.testng.reporters.JUnitReportReporter -->
<testsuite hostname="Sathaga" name="com.testvagrants.tests.ValidateTeamRcbJson" tests="2" failures="0" timestamp="20 May 2022 13:13:59 GMT" time="0.266" errors="0">
  <testcase name="validateTeamOnlyHasFourForeignPlayers" time="0.001" classname="com.testvagrants.tests.ValidateTeamRcbJson"/>
  <testcase name="validateTeamHasAtleastOneWicketKeeper" time="0.265" classname="com.testvagrants.tests.ValidateTeamRcbJson"/>
</testsuite> <!-- com.testvagrants.tests.ValidateTeamRcbJson -->
