<?xml version="1.0" encoding="UTF-8"?>
<!-- Generated by org.testng.reporters.JUnitReportReporter -->
<testsuite hostname="Sathaga" name="com.testvagrants.tests.ValidateJsonBody" tests="1" failures="0" timestamp="19 May 2022 15:59:46 GMT" time="0.285" errors="0">
  <testcase name="validateTeamOnlyHasFourForeignPlayers" time="0.285" classname="com.testvagrants.tests.ValidateJsonBody"/>
</testsuite> <!-- com.testvagrants.tests.ValidateJsonBody -->
