<?xml version="1.0" encoding="UTF-8"?>
<!-- Generated by org.testng.reporters.JUnitReportReporter -->
<testsuite hostname="Sathaga" name="com.testvagrants.tests.ValidateTeamRcbJson" tests="2" failures="0" timestamp="26 May 2022 11:55:49 GMT" time="0.849" errors="0">
  <testcase name="validateTeamOnlyHasFourForeignPlayers" time="0.809" classname="com.testvagrants.tests.ValidateTeamRcbJson"/>
  <testcase name="validateTeamHasAtleastOneWicketKeeper" time="0.040" classname="com.testvagrants.tests.ValidateTeamRcbJson"/>
</testsuite> <!-- com.testvagrants.tests.ValidateTeamRcbJson -->
