<?xml version="1.0" encoding="UTF-8"?>
<!-- Generated by org.testng.reporters.JUnitReportReporter -->
<testsuite hostname="Sathaga" name="com.testvagrants.tests.ValidateJsonBody" tests="2" failures="0" timestamp="20 May 2022 12:56:24 GMT" time="0.337" errors="0">
  <testcase name="validateTeamOnlyHasFourForeignPlayersTest" time="0.002" classname="com.testvagrants.tests.ValidateJsonBody"/>
  <testcase name="validateTeamHasAtleastOneWicketKeeperTest" time="0.335" classname="com.testvagrants.tests.ValidateJsonBody"/>
</testsuite> <!-- com.testvagrants.tests.ValidateJsonBody -->
