<?xml version="1.0" encoding="UTF-8"?>
<!-- Generated by org.testng.reporters.JUnitReportReporter -->
<testsuite skipped="0" hostname="Sathaga" name="com.testvagrants.tests.ValidateTeamRcbJson" tests="2" failures="0" timestamp="2022-05-21T11:12:34 IST" time="0.240" errors="0">
  <testcase name="validateTeamOnlyHasFourForeignPlayers" time="0.001" classname="com.testvagrants.tests.ValidateTeamRcbJson"/>
  <system-out/>
  <testcase name="validateTeamHasAtleastOneWicketKeeper" time="0.239" classname="com.testvagrants.tests.ValidateTeamRcbJson"/>
  <system-out/>
</testsuite> <!-- com.testvagrants.tests.ValidateTeamRcbJson -->
